

================================================================
== Vitis HLS Report for 'fir'
================================================================
* Date:           Wed Aug 10 23:02:01 2022

* Version:        2022.1 (Build 3526262 on Mon Apr 18 15:48:16 MDT 2022)
* Project:        fir_hls_prj
* Solution:       solution1 (Vivado IP Flow Target)
* Product family: zynq
* Target device:  xc7z020-clg484-1


================================================================
== Performance Estimates
================================================================
+ Timing: 
    * Summary: 
    +--------+----------+----------+------------+
    |  Clock |  Target  | Estimated| Uncertainty|
    +--------+----------+----------+------------+
    |ap_clk  |  10.00 ns|  6.923 ns|     2.70 ns|
    +--------+----------+----------+------------+

+ Latency: 
    * Summary: 
    +---------+---------+-----------+-----------+-----+-----+---------+
    |  Latency (cycles) |   Latency (absolute)  |  Interval | Pipeline|
    |   min   |   max   |    min    |    max    | min | max |   Type  |
    +---------+---------+-----------+-----------+-----+-----+---------+
    |        7|        7|  70.000 ns|  70.000 ns|    1|    1|      yes|
    +---------+---------+-----------+-----------+-----+-----+---------+

    + Detail: 
        * Instance: 
        N/A

        * Loop: 
        N/A



================================================================
== Utilization Estimates
================================================================
* Summary: 
+-----------------+---------+-----+--------+-------+-----+
|       Name      | BRAM_18K| DSP |   FF   |  LUT  | URAM|
+-----------------+---------+-----+--------+-------+-----+
|DSP              |        -|    -|       -|      -|    -|
|Expression       |        -|    -|       0|   3236|    -|
|FIFO             |        -|    -|       -|      -|    -|
|Instance         |        -|  297|   16335|   4950|    -|
|Memory           |        -|    -|       -|      -|    -|
|Multiplexer      |        -|    -|       -|      -|    -|
|Register         |        -|    -|    8616|     32|    -|
+-----------------+---------+-----+--------+-------+-----+
|Total            |        0|  297|   24951|   8218|    0|
+-----------------+---------+-----+--------+-------+-----+
|Available        |      280|  220|  106400|  53200|    0|
+-----------------+---------+-----+--------+-------+-----+
|Utilization (%)  |        0|  135|      23|     15|    0|
+-----------------+---------+-----+--------+-------+-----+

+ Detail: 
    * Instance: 
    +-------------------------+--------------------+---------+----+-----+----+-----+
    |         Instance        |       Module       | BRAM_18K| DSP|  FF | LUT| URAM|
    +-------------------------+--------------------+---------+----+-----+----+-----+
    |mul_32s_32s_32_2_1_U102  |mul_32s_32s_32_2_1  |        0|   3|  165|  50|    0|
    |mul_32s_32s_32_2_1_U103  |mul_32s_32s_32_2_1  |        0|   3|  165|  50|    0|
    |mul_32s_32s_32_2_1_U104  |mul_32s_32s_32_2_1  |        0|   3|  165|  50|    0|
    |mul_32s_32s_32_2_1_U105  |mul_32s_32s_32_2_1  |        0|   3|  165|  50|    0|
    |mul_32s_32s_32_2_1_U106  |mul_32s_32s_32_2_1  |        0|   3|  165|  50|    0|
    |mul_32s_32s_32_2_1_U107  |mul_32s_32s_32_2_1  |        0|   3|  165|  50|    0|
    |mul_32s_32s_32_2_1_U108  |mul_32s_32s_32_2_1  |        0|   3|  165|  50|    0|
    |mul_32s_32s_32_2_1_U109  |mul_32s_32s_32_2_1  |        0|   3|  165|  50|    0|
    |mul_32s_32s_32_2_1_U110  |mul_32s_32s_32_2_1  |        0|   3|  165|  50|    0|
    |mul_32s_32s_32_2_1_U111  |mul_32s_32s_32_2_1  |        0|   3|  165|  50|    0|
    |mul_32s_32s_32_2_1_U112  |mul_32s_32s_32_2_1  |        0|   3|  165|  50|    0|
    |mul_32s_32s_32_2_1_U113  |mul_32s_32s_32_2_1  |        0|   3|  165|  50|    0|
    |mul_32s_32s_32_2_1_U114  |mul_32s_32s_32_2_1  |        0|   3|  165|  50|    0|
    |mul_32s_32s_32_2_1_U115  |mul_32s_32s_32_2_1  |        0|   3|  165|  50|    0|
    |mul_32s_32s_32_2_1_U116  |mul_32s_32s_32_2_1  |        0|   3|  165|  50|    0|
    |mul_32s_32s_32_2_1_U117  |mul_32s_32s_32_2_1  |        0|   3|  165|  50|    0|
    |mul_32s_32s_32_2_1_U118  |mul_32s_32s_32_2_1  |        0|   3|  165|  50|    0|
    |mul_32s_32s_32_2_1_U119  |mul_32s_32s_32_2_1  |        0|   3|  165|  50|    0|
    |mul_32s_32s_32_2_1_U120  |mul_32s_32s_32_2_1  |        0|   3|  165|  50|    0|
    |mul_32s_32s_32_2_1_U121  |mul_32s_32s_32_2_1  |        0|   3|  165|  50|    0|
    |mul_32s_32s_32_2_1_U122  |mul_32s_32s_32_2_1  |        0|   3|  165|  50|    0|
    |mul_32s_32s_32_2_1_U123  |mul_32s_32s_32_2_1  |        0|   3|  165|  50|    0|
    |mul_32s_32s_32_2_1_U124  |mul_32s_32s_32_2_1  |        0|   3|  165|  50|    0|
    |mul_32s_32s_32_2_1_U125  |mul_32s_32s_32_2_1  |        0|   3|  165|  50|    0|
    |mul_32s_32s_32_2_1_U126  |mul_32s_32s_32_2_1  |        0|   3|  165|  50|    0|
    |mul_32s_32s_32_2_1_U127  |mul_32s_32s_32_2_1  |        0|   3|  165|  50|    0|
    |mul_32s_32s_32_2_1_U128  |mul_32s_32s_32_2_1  |        0|   3|  165|  50|    0|
    |mul_32s_32s_32_2_1_U129  |mul_32s_32s_32_2_1  |        0|   3|  165|  50|    0|
    |mul_32s_32s_32_2_1_U130  |mul_32s_32s_32_2_1  |        0|   3|  165|  50|    0|
    |mul_32s_32s_32_2_1_U131  |mul_32s_32s_32_2_1  |        0|   3|  165|  50|    0|
    |mul_32s_32s_32_2_1_U132  |mul_32s_32s_32_2_1  |        0|   3|  165|  50|    0|
    |mul_32s_32s_32_2_1_U133  |mul_32s_32s_32_2_1  |        0|   3|  165|  50|    0|
    |mul_32s_32s_32_2_1_U134  |mul_32s_32s_32_2_1  |        0|   3|  165|  50|    0|
    |mul_32s_32s_32_2_1_U135  |mul_32s_32s_32_2_1  |        0|   3|  165|  50|    0|
    |mul_32s_32s_32_2_1_U136  |mul_32s_32s_32_2_1  |        0|   3|  165|  50|    0|
    |mul_32s_32s_32_2_1_U137  |mul_32s_32s_32_2_1  |        0|   3|  165|  50|    0|
    |mul_32s_32s_32_2_1_U138  |mul_32s_32s_32_2_1  |        0|   3|  165|  50|    0|
    |mul_32s_32s_32_2_1_U139  |mul_32s_32s_32_2_1  |        0|   3|  165|  50|    0|
    |mul_32s_32s_32_2_1_U140  |mul_32s_32s_32_2_1  |        0|   3|  165|  50|    0|
    |mul_32s_32s_32_2_1_U141  |mul_32s_32s_32_2_1  |        0|   3|  165|  50|    0|
    |mul_32s_32s_32_2_1_U142  |mul_32s_32s_32_2_1  |        0|   3|  165|  50|    0|
    |mul_32s_32s_32_2_1_U143  |mul_32s_32s_32_2_1  |        0|   3|  165|  50|    0|
    |mul_32s_32s_32_2_1_U144  |mul_32s_32s_32_2_1  |        0|   3|  165|  50|    0|
    |mul_32s_32s_32_2_1_U145  |mul_32s_32s_32_2_1  |        0|   3|  165|  50|    0|
    |mul_32s_32s_32_2_1_U146  |mul_32s_32s_32_2_1  |        0|   3|  165|  50|    0|
    |mul_32s_32s_32_2_1_U147  |mul_32s_32s_32_2_1  |        0|   3|  165|  50|    0|
    |mul_32s_32s_32_2_1_U148  |mul_32s_32s_32_2_1  |        0|   3|  165|  50|    0|
    |mul_32s_32s_32_2_1_U149  |mul_32s_32s_32_2_1  |        0|   3|  165|  50|    0|
    |mul_32s_32s_32_2_1_U150  |mul_32s_32s_32_2_1  |        0|   3|  165|  50|    0|
    |mul_32s_32s_32_2_1_U151  |mul_32s_32s_32_2_1  |        0|   3|  165|  50|    0|
    |mul_32s_32s_32_2_1_U152  |mul_32s_32s_32_2_1  |        0|   3|  165|  50|    0|
    |mul_32s_32s_32_2_1_U153  |mul_32s_32s_32_2_1  |        0|   3|  165|  50|    0|
    |mul_32s_32s_32_2_1_U154  |mul_32s_32s_32_2_1  |        0|   3|  165|  50|    0|
    |mul_32s_32s_32_2_1_U155  |mul_32s_32s_32_2_1  |        0|   3|  165|  50|    0|
    |mul_32s_32s_32_2_1_U156  |mul_32s_32s_32_2_1  |        0|   3|  165|  50|    0|
    |mul_32s_32s_32_2_1_U157  |mul_32s_32s_32_2_1  |        0|   3|  165|  50|    0|
    |mul_32s_32s_32_2_1_U158  |mul_32s_32s_32_2_1  |        0|   3|  165|  50|    0|
    |mul_32s_32s_32_2_1_U159  |mul_32s_32s_32_2_1  |        0|   3|  165|  50|    0|
    |mul_32s_32s_32_2_1_U160  |mul_32s_32s_32_2_1  |        0|   3|  165|  50|    0|
    |mul_32s_32s_32_2_1_U161  |mul_32s_32s_32_2_1  |        0|   3|  165|  50|    0|
    |mul_32s_32s_32_2_1_U162  |mul_32s_32s_32_2_1  |        0|   3|  165|  50|    0|
    |mul_32s_32s_32_2_1_U163  |mul_32s_32s_32_2_1  |        0|   3|  165|  50|    0|
    |mul_32s_32s_32_2_1_U164  |mul_32s_32s_32_2_1  |        0|   3|  165|  50|    0|
    |mul_32s_32s_32_2_1_U165  |mul_32s_32s_32_2_1  |        0|   3|  165|  50|    0|
    |mul_32s_32s_32_2_1_U166  |mul_32s_32s_32_2_1  |        0|   3|  165|  50|    0|
    |mul_32s_32s_32_2_1_U167  |mul_32s_32s_32_2_1  |        0|   3|  165|  50|    0|
    |mul_32s_32s_32_2_1_U168  |mul_32s_32s_32_2_1  |        0|   3|  165|  50|    0|
    |mul_32s_32s_32_2_1_U169  |mul_32s_32s_32_2_1  |        0|   3|  165|  50|    0|
    |mul_32s_32s_32_2_1_U170  |mul_32s_32s_32_2_1  |        0|   3|  165|  50|    0|
    |mul_32s_32s_32_2_1_U171  |mul_32s_32s_32_2_1  |        0|   3|  165|  50|    0|
    |mul_32s_32s_32_2_1_U172  |mul_32s_32s_32_2_1  |        0|   3|  165|  50|    0|
    |mul_32s_32s_32_2_1_U173  |mul_32s_32s_32_2_1  |        0|   3|  165|  50|    0|
    |mul_32s_32s_32_2_1_U174  |mul_32s_32s_32_2_1  |        0|   3|  165|  50|    0|
    |mul_32s_32s_32_2_1_U175  |mul_32s_32s_32_2_1  |        0|   3|  165|  50|    0|
    |mul_32s_32s_32_2_1_U176  |mul_32s_32s_32_2_1  |        0|   3|  165|  50|    0|
    |mul_32s_32s_32_2_1_U177  |mul_32s_32s_32_2_1  |        0|   3|  165|  50|    0|
    |mul_32s_32s_32_2_1_U178  |mul_32s_32s_32_2_1  |        0|   3|  165|  50|    0|
    |mul_32s_32s_32_2_1_U179  |mul_32s_32s_32_2_1  |        0|   3|  165|  50|    0|
    |mul_32s_32s_32_2_1_U180  |mul_32s_32s_32_2_1  |        0|   3|  165|  50|    0|
    |mul_32s_32s_32_2_1_U181  |mul_32s_32s_32_2_1  |        0|   3|  165|  50|    0|
    |mul_32s_32s_32_2_1_U182  |mul_32s_32s_32_2_1  |        0|   3|  165|  50|    0|
    |mul_32s_32s_32_2_1_U183  |mul_32s_32s_32_2_1  |        0|   3|  165|  50|    0|
    |mul_32s_32s_32_2_1_U184  |mul_32s_32s_32_2_1  |        0|   3|  165|  50|    0|
    |mul_32s_32s_32_2_1_U185  |mul_32s_32s_32_2_1  |        0|   3|  165|  50|    0|
    |mul_32s_32s_32_2_1_U186  |mul_32s_32s_32_2_1  |        0|   3|  165|  50|    0|
    |mul_32s_32s_32_2_1_U187  |mul_32s_32s_32_2_1  |        0|   3|  165|  50|    0|
    |mul_32s_32s_32_2_1_U188  |mul_32s_32s_32_2_1  |        0|   3|  165|  50|    0|
    |mul_32s_32s_32_2_1_U189  |mul_32s_32s_32_2_1  |        0|   3|  165|  50|    0|
    |mul_32s_32s_32_2_1_U190  |mul_32s_32s_32_2_1  |        0|   3|  165|  50|    0|
    |mul_32s_32s_32_2_1_U191  |mul_32s_32s_32_2_1  |        0|   3|  165|  50|    0|
    |mul_32s_32s_32_2_1_U192  |mul_32s_32s_32_2_1  |        0|   3|  165|  50|    0|
    |mul_32s_32s_32_2_1_U193  |mul_32s_32s_32_2_1  |        0|   3|  165|  50|    0|
    |mul_32s_32s_32_2_1_U194  |mul_32s_32s_32_2_1  |        0|   3|  165|  50|    0|
    |mul_32s_32s_32_2_1_U195  |mul_32s_32s_32_2_1  |        0|   3|  165|  50|    0|
    |mul_32s_32s_32_2_1_U196  |mul_32s_32s_32_2_1  |        0|   3|  165|  50|    0|
    |mul_32s_32s_32_2_1_U197  |mul_32s_32s_32_2_1  |        0|   3|  165|  50|    0|
    |mul_32s_32s_32_2_1_U198  |mul_32s_32s_32_2_1  |        0|   3|  165|  50|    0|
    |mul_32s_32s_32_2_1_U199  |mul_32s_32s_32_2_1  |        0|   3|  165|  50|    0|
    |mul_32s_32s_32_2_1_U200  |mul_32s_32s_32_2_1  |        0|   3|  165|  50|    0|
    +-------------------------+--------------------+---------+----+-----+----+-----+
    |Total                    |                    |        0| 297|16335|4950|    0|
    +-------------------------+--------------------+---------+----+-----+----+-----+

    * DSP: 
    N/A

    * Memory: 
    N/A

    * FIFO: 
    N/A

    * Expression: 
    +------------------------+----------+----+---+----+------------+------------+
    |      Variable Name     | Operation| DSP| FF| LUT| Bitwidth P0| Bitwidth P1|
    +------------------------+----------+----+---+----+------------+------------+
    |add_ln19_10_fu_2777_p2  |         +|   0|  0|  32|          32|          32|
    |add_ln19_11_fu_2610_p2  |         +|   0|  0|  32|          32|          32|
    |add_ln19_12_fu_2614_p2  |         +|   0|  0|  32|          32|          32|
    |add_ln19_13_fu_2619_p2  |         +|   0|  0|  32|          32|          32|
    |add_ln19_14_fu_2623_p2  |         +|   0|  0|  32|          32|          32|
    |add_ln19_15_fu_2732_p2  |         +|   0|  0|  32|          32|          32|
    |add_ln19_16_fu_2628_p2  |         +|   0|  0|  39|          32|          32|
    |add_ln19_17_fu_2632_p2  |         +|   0|  0|  32|          32|          32|
    |add_ln19_18_fu_2388_p2  |         +|   0|  0|  32|          32|          32|
    |add_ln19_19_fu_2392_p2  |         +|   0|  0|  32|          32|          32|
    |add_ln19_1_fu_2714_p2   |         +|   0|  0|  32|          32|          32|
    |add_ln19_20_fu_2637_p2  |         +|   0|  0|  32|          32|          32|
    |add_ln19_21_fu_2736_p2  |         +|   0|  0|  32|          32|          32|
    |add_ln19_22_fu_2781_p2  |         +|   0|  0|  32|          32|          32|
    |add_ln19_23_fu_2397_p2  |         +|   0|  0|  39|          32|          32|
    |add_ln19_24_fu_2642_p2  |         +|   0|  0|  32|          32|          32|
    |add_ln19_25_fu_2401_p2  |         +|   0|  0|  32|          32|          32|
    |add_ln19_26_fu_2405_p2  |         +|   0|  0|  32|          32|          32|
    |add_ln19_27_fu_2646_p2  |         +|   0|  0|  32|          32|          32|
    |add_ln19_28_fu_2410_p2  |         +|   0|  0|  39|          32|          32|
    |add_ln19_29_fu_2651_p2  |         +|   0|  0|  32|          32|          32|
    |add_ln19_2_fu_2588_p2   |         +|   0|  0|  32|          32|          32|
    |add_ln19_30_fu_2414_p2  |         +|   0|  0|  32|          32|          32|
    |add_ln19_31_fu_2418_p2  |         +|   0|  0|  32|          32|          32|
    |add_ln19_32_fu_2655_p2  |         +|   0|  0|  32|          32|          32|
    |add_ln19_33_fu_2786_p2  |         +|   0|  0|  32|          32|          32|
    |add_ln19_34_fu_2423_p2  |         +|   0|  0|  32|          32|          32|
    |add_ln19_35_fu_2427_p2  |         +|   0|  0|  32|          32|          32|
    |add_ln19_36_fu_2432_p2  |         +|   0|  0|  32|          32|          32|
    |add_ln19_37_fu_2436_p2  |         +|   0|  0|  32|          32|          32|
    |add_ln19_38_fu_2741_p2  |         +|   0|  0|  32|          32|          32|
    |add_ln19_39_fu_2441_p2  |         +|   0|  0|  39|          32|          32|
    |add_ln19_3_fu_2592_p2   |         +|   0|  0|  32|          32|          32|
    |add_ln19_40_fu_2660_p2  |         +|   0|  0|  32|          32|          32|
    |add_ln19_41_fu_2445_p2  |         +|   0|  0|  32|          32|          32|
    |add_ln19_42_fu_2449_p2  |         +|   0|  0|  39|          32|          32|
    |add_ln19_43_fu_2453_p2  |         +|   0|  0|  32|          32|          32|
    |add_ln19_44_fu_2664_p2  |         +|   0|  0|  32|          32|          32|
    |add_ln19_45_fu_2745_p2  |         +|   0|  0|  32|          32|          32|
    |add_ln19_46_fu_2790_p2  |         +|   0|  0|  32|          32|          32|
    |add_ln19_47_fu_2804_p2  |         +|   0|  0|  32|          32|          32|
    |add_ln19_48_fu_2459_p2  |         +|   0|  0|  32|          32|          32|
    |add_ln19_49_fu_2463_p2  |         +|   0|  0|  32|          32|          32|
    |add_ln19_4_fu_2718_p2   |         +|   0|  0|  32|          32|          32|
    |add_ln19_50_fu_2468_p2  |         +|   0|  0|  32|          32|          32|
    |add_ln19_51_fu_2472_p2  |         +|   0|  0|  32|          32|          32|
    |add_ln19_52_fu_2750_p2  |         +|   0|  0|  32|          32|          32|
    |add_ln19_53_fu_2477_p2  |         +|   0|  0|  39|          32|          32|
    |add_ln19_54_fu_2669_p2  |         +|   0|  0|  32|          32|          32|
    |add_ln19_55_fu_2481_p2  |         +|   0|  0|  32|          32|          32|
    |add_ln19_56_fu_2485_p2  |         +|   0|  0|  32|          32|          32|
    |add_ln19_57_fu_2673_p2  |         +|   0|  0|  32|          32|          32|
    |add_ln19_58_fu_2754_p2  |         +|   0|  0|  32|          32|          32|
    |add_ln19_59_fu_2490_p2  |         +|   0|  0|  32|          32|          32|
    |add_ln19_5_fu_2597_p2   |         +|   0|  0|  39|          32|          32|
    |add_ln19_60_fu_2494_p2  |         +|   0|  0|  32|          32|          32|
    |add_ln19_61_fu_2499_p2  |         +|   0|  0|  32|          32|          32|
    |add_ln19_62_fu_2503_p2  |         +|   0|  0|  32|          32|          32|
    |add_ln19_63_fu_2759_p2  |         +|   0|  0|  32|          32|          32|
    |add_ln19_64_fu_2508_p2  |         +|   0|  0|  39|          32|          32|
    |add_ln19_65_fu_2678_p2  |         +|   0|  0|  32|          32|          32|
    |add_ln19_66_fu_2512_p2  |         +|   0|  0|  32|          32|          32|
    |add_ln19_67_fu_2516_p2  |         +|   0|  0|  39|          32|          32|
    |add_ln19_68_fu_2520_p2  |         +|   0|  0|  32|          32|          32|
    |add_ln19_69_fu_2682_p2  |         +|   0|  0|  32|          32|          32|
    |add_ln19_6_fu_2723_p2   |         +|   0|  0|  32|          32|          32|
    |add_ln19_70_fu_2763_p2  |         +|   0|  0|  32|          32|          32|
    |add_ln19_71_fu_2795_p2  |         +|   0|  0|  32|          32|          32|
    |add_ln19_72_fu_2526_p2  |         +|   0|  0|  39|          32|          32|
    |add_ln19_73_fu_2687_p2  |         +|   0|  0|  32|          32|          32|
    |add_ln19_74_fu_2530_p2  |         +|   0|  0|  32|          32|          32|
    |add_ln19_75_fu_2534_p2  |         +|   0|  0|  32|          32|          32|
    |add_ln19_76_fu_2691_p2  |         +|   0|  0|  32|          32|          32|
    |add_ln19_77_fu_2539_p2  |         +|   0|  0|  39|          32|          32|
    |add_ln19_78_fu_2696_p2  |         +|   0|  0|  32|          32|          32|
    |add_ln19_79_fu_2543_p2  |         +|   0|  0|  32|          32|          32|
    |add_ln19_7_fu_2601_p2   |         +|   0|  0|  32|          32|          32|
    |add_ln19_80_fu_2547_p2  |         +|   0|  0|  32|          32|          32|
    |add_ln19_81_fu_2700_p2  |         +|   0|  0|  32|          32|          32|
    |add_ln19_82_fu_2768_p2  |         +|   0|  0|  32|          32|          32|
    |add_ln19_83_fu_2552_p2  |         +|   0|  0|  32|          32|          32|
    |add_ln19_84_fu_2556_p2  |         +|   0|  0|  32|          32|          32|
    |add_ln19_85_fu_2561_p2  |         +|   0|  0|  32|          32|          32|
    |add_ln19_86_fu_2565_p2  |         +|   0|  0|  32|          32|          32|
    |add_ln19_87_fu_2705_p2  |         +|   0|  0|  32|          32|          32|
    |add_ln19_88_fu_2570_p2  |         +|   0|  0|  39|          32|          32|
    |add_ln19_89_fu_2574_p2  |         +|   0|  0|  32|          32|          32|
    |add_ln19_8_fu_2605_p2   |         +|   0|  0|  32|          32|          32|
    |add_ln19_90_fu_2374_p2  |         +|   0|  0|  32|          32|          32|
    |add_ln19_91_fu_2378_p2  |         +|   0|  0|  39|          32|          32|
    |add_ln19_92_fu_2382_p2  |         +|   0|  0|  32|          32|          32|
    |add_ln19_93_fu_2579_p2  |         +|   0|  0|  32|          32|          32|
    |add_ln19_94_fu_2709_p2  |         +|   0|  0|  32|          32|          32|
    |add_ln19_95_fu_2772_p2  |         +|   0|  0|  32|          32|          32|
    |add_ln19_96_fu_2799_p2  |         +|   0|  0|  32|          32|          32|
    |add_ln19_9_fu_2727_p2   |         +|   0|  0|  32|          32|          32|
    |add_ln19_fu_2584_p2     |         +|   0|  0|  39|          32|          32|
    |ap_return               |         +|   0|  0|  32|          32|          32|
    |ap_enable_pp0           |       xor|   0|  0|   2|           1|           2|
    +------------------------+----------+----+---+----+------------+------------+
    |Total                   |          |   0|  0|3236|        3137|        3138|
    +------------------------+----------+----+---+----+------------+------------+

    * Multiplexer: 
    N/A

    * Register: 
    +-----------------------------------------+----+----+-----+-----------+
    |                   Name                  | FF | LUT| Bits| Const Bits|
    +-----------------------------------------+----+----+-----+-----------+
    |acc_reg_4190                             |  32|   0|   32|          0|
    |acc_reg_4190_pp0_iter4_reg               |  32|   0|   32|          0|
    |add_ln19_12_reg_4445                     |  32|   0|   32|          0|
    |add_ln19_14_reg_4450                     |  32|   0|   32|          0|
    |add_ln19_19_reg_4305                     |  32|   0|   32|          0|
    |add_ln19_20_reg_4455                     |  32|   0|   32|          0|
    |add_ln19_21_reg_4510                     |  32|   0|   32|          0|
    |add_ln19_22_reg_4535                     |  32|   0|   32|          0|
    |add_ln19_23_reg_4310                     |  32|   0|   32|          0|
    |add_ln19_26_reg_4315                     |  32|   0|   32|          0|
    |add_ln19_27_reg_4460                     |  32|   0|   32|          0|
    |add_ln19_27_reg_4460_pp0_iter5_reg       |  32|   0|   32|          0|
    |add_ln19_28_reg_4320                     |  32|   0|   32|          0|
    |add_ln19_31_reg_4325                     |  32|   0|   32|          0|
    |add_ln19_32_reg_4465                     |  32|   0|   32|          0|
    |add_ln19_32_reg_4465_pp0_iter5_reg       |  32|   0|   32|          0|
    |add_ln19_35_reg_4330                     |  32|   0|   32|          0|
    |add_ln19_35_reg_4330_pp0_iter4_reg       |  32|   0|   32|          0|
    |add_ln19_37_reg_4335                     |  32|   0|   32|          0|
    |add_ln19_37_reg_4335_pp0_iter4_reg       |  32|   0|   32|          0|
    |add_ln19_39_reg_4340                     |  32|   0|   32|          0|
    |add_ln19_3_reg_4430                      |  32|   0|   32|          0|
    |add_ln19_43_reg_4345                     |  32|   0|   32|          0|
    |add_ln19_44_reg_4470                     |  32|   0|   32|          0|
    |add_ln19_45_reg_4515                     |  32|   0|   32|          0|
    |add_ln19_46_reg_4540                     |  32|   0|   32|          0|
    |add_ln19_49_reg_4350                     |  32|   0|   32|          0|
    |add_ln19_49_reg_4350_pp0_iter4_reg       |  32|   0|   32|          0|
    |add_ln19_4_reg_4500                      |  32|   0|   32|          0|
    |add_ln19_51_reg_4355                     |  32|   0|   32|          0|
    |add_ln19_51_reg_4355_pp0_iter4_reg       |  32|   0|   32|          0|
    |add_ln19_53_reg_4360                     |  32|   0|   32|          0|
    |add_ln19_56_reg_4365                     |  32|   0|   32|          0|
    |add_ln19_57_reg_4475                     |  32|   0|   32|          0|
    |add_ln19_58_reg_4520                     |  32|   0|   32|          0|
    |add_ln19_5_reg_4435                      |  32|   0|   32|          0|
    |add_ln19_60_reg_4370                     |  32|   0|   32|          0|
    |add_ln19_60_reg_4370_pp0_iter4_reg       |  32|   0|   32|          0|
    |add_ln19_62_reg_4375                     |  32|   0|   32|          0|
    |add_ln19_62_reg_4375_pp0_iter4_reg       |  32|   0|   32|          0|
    |add_ln19_64_reg_4380                     |  32|   0|   32|          0|
    |add_ln19_68_reg_4385                     |  32|   0|   32|          0|
    |add_ln19_69_reg_4480                     |  32|   0|   32|          0|
    |add_ln19_70_reg_4525                     |  32|   0|   32|          0|
    |add_ln19_72_reg_4390                     |  32|   0|   32|          0|
    |add_ln19_75_reg_4395                     |  32|   0|   32|          0|
    |add_ln19_76_reg_4485                     |  32|   0|   32|          0|
    |add_ln19_77_reg_4400                     |  32|   0|   32|          0|
    |add_ln19_80_reg_4405                     |  32|   0|   32|          0|
    |add_ln19_81_reg_4490                     |  32|   0|   32|          0|
    |add_ln19_84_reg_4410                     |  32|   0|   32|          0|
    |add_ln19_86_reg_4415                     |  32|   0|   32|          0|
    |add_ln19_8_reg_4440                      |  32|   0|   32|          0|
    |add_ln19_92_reg_4180                     |  32|   0|   32|          0|
    |add_ln19_93_reg_4420                     |  32|   0|   32|          0|
    |add_ln19_94_reg_4495                     |  32|   0|   32|          0|
    |add_ln19_95_reg_4530                     |  32|   0|   32|          0|
    |add_ln19_96_reg_4545                     |  32|   0|   32|          0|
    |add_ln19_9_reg_4505                      |  32|   0|   32|          0|
    |add_ln19_reg_4425                        |  32|   0|   32|          0|
    |ap_CS_fsm                                |   1|   0|    1|          0|
    |ap_enable_reg_pp0_iter1                  |   1|   0|    1|          0|
    |ap_enable_reg_pp0_iter2                  |   1|   0|    1|          0|
    |ap_enable_reg_pp0_iter3                  |   1|   0|    1|          0|
    |ap_enable_reg_pp0_iter4                  |   1|   0|    1|          0|
    |ap_enable_reg_pp0_iter5                  |   1|   0|    1|          0|
    |ap_enable_reg_pp0_iter6                  |   1|   0|    1|          0|
    |ap_enable_reg_pp0_iter7                  |   1|   0|    1|          0|
    |fir_int_int_shift_reg                    |  32|   0|   32|          0|
    |fir_int_int_shift_reg_1                  |  32|   0|   32|          0|
    |fir_int_int_shift_reg_2                  |  32|   0|   32|          0|
    |fir_int_int_shift_reg_29_reg_2900        |  32|   0|   32|          0|
    |fir_int_int_shift_reg_3                  |  32|   0|   32|          0|
    |fir_int_int_shift_reg_4                  |  32|   0|   32|          0|
    |fir_int_int_shift_reg_4_load_reg_2818    |  32|   0|   32|          0|
    |fir_int_int_shift_reg_5                  |  32|   0|   32|          0|
    |fir_int_int_shift_reg_54_reg_3395        |  32|   0|   32|          0|
    |fir_int_int_shift_reg_6                  |  32|   0|   32|          0|
    |fir_int_int_shift_reg_7                  |  32|   0|   32|          0|
    |fir_int_int_shift_reg_8                  |  32|   0|   32|          0|
    |fir_int_int_shift_reg_9                  |  32|   0|   32|          0|
    |mul_ln25_10_reg_4245                     |  32|   0|   32|          0|
    |mul_ln25_11_reg_4250                     |  32|   0|   32|          0|
    |mul_ln25_12_reg_4255                     |  32|   0|   32|          0|
    |mul_ln25_13_reg_4260                     |  32|   0|   32|          0|
    |mul_ln25_14_reg_4265                     |  32|   0|   32|          0|
    |mul_ln25_15_reg_4270                     |  32|   0|   32|          0|
    |mul_ln25_16_reg_4275                     |  32|   0|   32|          0|
    |mul_ln25_17_reg_4280                     |  32|   0|   32|          0|
    |mul_ln25_18_reg_4285                     |  32|   0|   32|          0|
    |mul_ln25_19_reg_3810                     |  32|   0|   32|          0|
    |mul_ln25_1_reg_4200                      |  32|   0|   32|          0|
    |mul_ln25_20_reg_3815                     |  32|   0|   32|          0|
    |mul_ln25_21_reg_3820                     |  32|   0|   32|          0|
    |mul_ln25_22_reg_4290                     |  32|   0|   32|          0|
    |mul_ln25_23_reg_3830                     |  32|   0|   32|          0|
    |mul_ln25_24_reg_3835                     |  32|   0|   32|          0|
    |mul_ln25_25_reg_3840                     |  32|   0|   32|          0|
    |mul_ln25_26_reg_3845                     |  32|   0|   32|          0|
    |mul_ln25_27_reg_3850                     |  32|   0|   32|          0|
    |mul_ln25_28_reg_3855                     |  32|   0|   32|          0|
    |mul_ln25_28_reg_3855_pp0_iter3_reg       |  32|   0|   32|          0|
    |mul_ln25_29_reg_3860                     |  32|   0|   32|          0|
    |mul_ln25_2_reg_4205                      |  32|   0|   32|          0|
    |mul_ln25_30_reg_3865                     |  32|   0|   32|          0|
    |mul_ln25_31_reg_3870                     |  32|   0|   32|          0|
    |mul_ln25_32_reg_3875                     |  32|   0|   32|          0|
    |mul_ln25_33_reg_3880                     |  32|   0|   32|          0|
    |mul_ln25_34_reg_3885                     |  32|   0|   32|          0|
    |mul_ln25_35_reg_3890                     |  32|   0|   32|          0|
    |mul_ln25_36_reg_3895                     |  32|   0|   32|          0|
    |mul_ln25_37_reg_3900                     |  32|   0|   32|          0|
    |mul_ln25_38_reg_3905                     |  32|   0|   32|          0|
    |mul_ln25_39_reg_3910                     |  32|   0|   32|          0|
    |mul_ln25_3_reg_4210                      |  32|   0|   32|          0|
    |mul_ln25_40_reg_3915                     |  32|   0|   32|          0|
    |mul_ln25_40_reg_3915_pp0_iter3_reg       |  32|   0|   32|          0|
    |mul_ln25_41_reg_3920                     |  32|   0|   32|          0|
    |mul_ln25_42_reg_3925                     |  32|   0|   32|          0|
    |mul_ln25_43_reg_3930                     |  32|   0|   32|          0|
    |mul_ln25_44_reg_3935                     |  32|   0|   32|          0|
    |mul_ln25_45_reg_3940                     |  32|   0|   32|          0|
    |mul_ln25_46_reg_3945                     |  32|   0|   32|          0|
    |mul_ln25_47_reg_3950                     |  32|   0|   32|          0|
    |mul_ln25_48_reg_3955                     |  32|   0|   32|          0|
    |mul_ln25_49_reg_3960                     |  32|   0|   32|          0|
    |mul_ln25_4_reg_4215                      |  32|   0|   32|          0|
    |mul_ln25_4_reg_4215_pp0_iter4_reg        |  32|   0|   32|          0|
    |mul_ln25_50_reg_3965                     |  32|   0|   32|          0|
    |mul_ln25_51_reg_3970                     |  32|   0|   32|          0|
    |mul_ln25_52_reg_3975                     |  32|   0|   32|          0|
    |mul_ln25_53_reg_3980                     |  32|   0|   32|          0|
    |mul_ln25_53_reg_3980_pp0_iter3_reg       |  32|   0|   32|          0|
    |mul_ln25_54_reg_3985                     |  32|   0|   32|          0|
    |mul_ln25_55_reg_3990                     |  32|   0|   32|          0|
    |mul_ln25_56_reg_3995                     |  32|   0|   32|          0|
    |mul_ln25_57_reg_4000                     |  32|   0|   32|          0|
    |mul_ln25_58_reg_4005                     |  32|   0|   32|          0|
    |mul_ln25_59_reg_4010                     |  32|   0|   32|          0|
    |mul_ln25_5_reg_4220                      |  32|   0|   32|          0|
    |mul_ln25_60_reg_4015                     |  32|   0|   32|          0|
    |mul_ln25_61_reg_4020                     |  32|   0|   32|          0|
    |mul_ln25_62_reg_4025                     |  32|   0|   32|          0|
    |mul_ln25_63_reg_4030                     |  32|   0|   32|          0|
    |mul_ln25_64_reg_4035                     |  32|   0|   32|          0|
    |mul_ln25_65_reg_4040                     |  32|   0|   32|          0|
    |mul_ln25_65_reg_4040_pp0_iter3_reg       |  32|   0|   32|          0|
    |mul_ln25_66_reg_4045                     |  32|   0|   32|          0|
    |mul_ln25_67_reg_4050                     |  32|   0|   32|          0|
    |mul_ln25_68_reg_4055                     |  32|   0|   32|          0|
    |mul_ln25_69_reg_4060                     |  32|   0|   32|          0|
    |mul_ln25_6_reg_4225                      |  32|   0|   32|          0|
    |mul_ln25_70_reg_4065                     |  32|   0|   32|          0|
    |mul_ln25_71_reg_4070                     |  32|   0|   32|          0|
    |mul_ln25_72_reg_4295                     |  32|   0|   32|          0|
    |mul_ln25_73_reg_4080                     |  32|   0|   32|          0|
    |mul_ln25_74_reg_4085                     |  32|   0|   32|          0|
    |mul_ln25_75_reg_4090                     |  32|   0|   32|          0|
    |mul_ln25_76_reg_4095                     |  32|   0|   32|          0|
    |mul_ln25_77_reg_4100                     |  32|   0|   32|          0|
    |mul_ln25_78_reg_4300                     |  32|   0|   32|          0|
    |mul_ln25_79_reg_4110                     |  32|   0|   32|          0|
    |mul_ln25_7_reg_4230                      |  32|   0|   32|          0|
    |mul_ln25_80_reg_4115                     |  32|   0|   32|          0|
    |mul_ln25_81_reg_4120                     |  32|   0|   32|          0|
    |mul_ln25_82_reg_4125                     |  32|   0|   32|          0|
    |mul_ln25_83_reg_4130                     |  32|   0|   32|          0|
    |mul_ln25_84_reg_4135                     |  32|   0|   32|          0|
    |mul_ln25_85_reg_4140                     |  32|   0|   32|          0|
    |mul_ln25_86_reg_4145                     |  32|   0|   32|          0|
    |mul_ln25_87_reg_4150                     |  32|   0|   32|          0|
    |mul_ln25_88_reg_4155                     |  32|   0|   32|          0|
    |mul_ln25_89_reg_4160                     |  32|   0|   32|          0|
    |mul_ln25_8_reg_4235                      |  32|   0|   32|          0|
    |mul_ln25_90_reg_4165                     |  32|   0|   32|          0|
    |mul_ln25_91_reg_4170                     |  32|   0|   32|          0|
    |mul_ln25_92_reg_4175                     |  32|   0|   32|          0|
    |mul_ln25_93_reg_3590                     |  32|   0|   32|          0|
    |mul_ln25_94_reg_3595                     |  32|   0|   32|          0|
    |mul_ln25_95_reg_3600                     |  32|   0|   32|          0|
    |mul_ln25_96_reg_3605                     |  32|   0|   32|          0|
    |mul_ln25_9_reg_4240                      |  32|   0|   32|          0|
    |mul_ln25_reg_4195                        |  32|   0|   32|          0|
    |mul_reg_4185                             |  32|   0|   32|          0|
    |p_ZZ3firPiiE9shift_reg_10                |  32|   0|   32|          0|
    |p_ZZ3firPiiE9shift_reg_11                |  32|   0|   32|          0|
    |p_ZZ3firPiiE9shift_reg_12                |  32|   0|   32|          0|
    |p_ZZ3firPiiE9shift_reg_13                |  32|   0|   32|          0|
    |p_ZZ3firPiiE9shift_reg_14                |  32|   0|   32|          0|
    |p_ZZ3firPiiE9shift_reg_15                |  32|   0|   32|          0|
    |p_ZZ3firPiiE9shift_reg_16                |  32|   0|   32|          0|
    |p_ZZ3firPiiE9shift_reg_17                |  32|   0|   32|          0|
    |p_ZZ3firPiiE9shift_reg_18                |  32|   0|   32|          0|
    |p_ZZ3firPiiE9shift_reg_18_load_reg_3450  |  32|   0|   32|          0|
    |p_ZZ3firPiiE9shift_reg_19                |  32|   0|   32|          0|
    |p_ZZ3firPiiE9shift_reg_20                |  32|   0|   32|          0|
    |p_ZZ3firPiiE9shift_reg_21                |  32|   0|   32|          0|
    |p_ZZ3firPiiE9shift_reg_22                |  32|   0|   32|          0|
    |p_ZZ3firPiiE9shift_reg_23                |  32|   0|   32|          0|
    |p_ZZ3firPiiE9shift_reg_24                |  32|   0|   32|          0|
    |p_ZZ3firPiiE9shift_reg_25                |  32|   0|   32|          0|
    |p_ZZ3firPiiE9shift_reg_26                |  32|   0|   32|          0|
    |p_ZZ3firPiiE9shift_reg_27                |  32|   0|   32|          0|
    |p_ZZ3firPiiE9shift_reg_28                |  32|   0|   32|          0|
    |p_ZZ3firPiiE9shift_reg_29                |  32|   0|   32|          0|
    |p_ZZ3firPiiE9shift_reg_30                |  32|   0|   32|          0|
    |p_ZZ3firPiiE9shift_reg_31                |  32|   0|   32|          0|
    |p_ZZ3firPiiE9shift_reg_32                |  32|   0|   32|          0|
    |p_ZZ3firPiiE9shift_reg_33                |  32|   0|   32|          0|
    |p_ZZ3firPiiE9shift_reg_34                |  32|   0|   32|          0|
    |p_ZZ3firPiiE9shift_reg_35                |  32|   0|   32|          0|
    |p_ZZ3firPiiE9shift_reg_36                |  32|   0|   32|          0|
    |p_ZZ3firPiiE9shift_reg_37                |  32|   0|   32|          0|
    |p_ZZ3firPiiE9shift_reg_38                |  32|   0|   32|          0|
    |p_ZZ3firPiiE9shift_reg_39                |  32|   0|   32|          0|
    |p_ZZ3firPiiE9shift_reg_40                |  32|   0|   32|          0|
    |p_ZZ3firPiiE9shift_reg_41                |  32|   0|   32|          0|
    |p_ZZ3firPiiE9shift_reg_42                |  32|   0|   32|          0|
    |p_ZZ3firPiiE9shift_reg_43                |  32|   0|   32|          0|
    |p_ZZ3firPiiE9shift_reg_44                |  32|   0|   32|          0|
    |p_ZZ3firPiiE9shift_reg_45                |  32|   0|   32|          0|
    |p_ZZ3firPiiE9shift_reg_46                |  32|   0|   32|          0|
    |p_ZZ3firPiiE9shift_reg_47                |  32|   0|   32|          0|
    |p_ZZ3firPiiE9shift_reg_48                |  32|   0|   32|          0|
    |p_ZZ3firPiiE9shift_reg_49                |  32|   0|   32|          0|
    |p_ZZ3firPiiE9shift_reg_50                |  32|   0|   32|          0|
    |p_ZZ3firPiiE9shift_reg_51                |  32|   0|   32|          0|
    |p_ZZ3firPiiE9shift_reg_52                |  32|   0|   32|          0|
    |p_ZZ3firPiiE9shift_reg_53                |  32|   0|   32|          0|
    |p_ZZ3firPiiE9shift_reg_54                |  32|   0|   32|          0|
    |p_ZZ3firPiiE9shift_reg_55                |  32|   0|   32|          0|
    |p_ZZ3firPiiE9shift_reg_56                |  32|   0|   32|          0|
    |p_ZZ3firPiiE9shift_reg_57                |  32|   0|   32|          0|
    |p_ZZ3firPiiE9shift_reg_58                |  32|   0|   32|          0|
    |p_ZZ3firPiiE9shift_reg_59                |  32|   0|   32|          0|
    |p_ZZ3firPiiE9shift_reg_60                |  32|   0|   32|          0|
    |p_ZZ3firPiiE9shift_reg_61                |  32|   0|   32|          0|
    |p_ZZ3firPiiE9shift_reg_62                |  32|   0|   32|          0|
    |p_ZZ3firPiiE9shift_reg_63                |  32|   0|   32|          0|
    |p_ZZ3firPiiE9shift_reg_64                |  32|   0|   32|          0|
    |p_ZZ3firPiiE9shift_reg_65                |  32|   0|   32|          0|
    |p_ZZ3firPiiE9shift_reg_66                |  32|   0|   32|          0|
    |p_ZZ3firPiiE9shift_reg_67                |  32|   0|   32|          0|
    |p_ZZ3firPiiE9shift_reg_68                |  32|   0|   32|          0|
    |p_ZZ3firPiiE9shift_reg_69                |  32|   0|   32|          0|
    |p_ZZ3firPiiE9shift_reg_70                |  32|   0|   32|          0|
    |p_ZZ3firPiiE9shift_reg_71                |  32|   0|   32|          0|
    |p_ZZ3firPiiE9shift_reg_72                |  32|   0|   32|          0|
    |p_ZZ3firPiiE9shift_reg_73                |  32|   0|   32|          0|
    |p_ZZ3firPiiE9shift_reg_74                |  32|   0|   32|          0|
    |p_ZZ3firPiiE9shift_reg_75                |  32|   0|   32|          0|
    |p_ZZ3firPiiE9shift_reg_76                |  32|   0|   32|          0|
    |p_ZZ3firPiiE9shift_reg_77                |  32|   0|   32|          0|
    |p_ZZ3firPiiE9shift_reg_78                |  32|   0|   32|          0|
    |p_ZZ3firPiiE9shift_reg_78_load_reg_2864  |  32|   0|   32|          0|
    |p_ZZ3firPiiE9shift_reg_79                |  32|   0|   32|          0|
    |p_ZZ3firPiiE9shift_reg_80                |  32|   0|   32|          0|
    |p_ZZ3firPiiE9shift_reg_81                |  32|   0|   32|          0|
    |p_ZZ3firPiiE9shift_reg_82                |  32|   0|   32|          0|
    |p_ZZ3firPiiE9shift_reg_83                |  32|   0|   32|          0|
    |p_ZZ3firPiiE9shift_reg_84                |  32|   0|   32|          0|
    |p_ZZ3firPiiE9shift_reg_85                |  32|   0|   32|          0|
    |p_ZZ3firPiiE9shift_reg_86                |  32|   0|   32|          0|
    |p_ZZ3firPiiE9shift_reg_87                |  32|   0|   32|          0|
    |p_ZZ3firPiiE9shift_reg_88                |  32|   0|   32|          0|
    |p_ZZ3firPiiE9shift_reg_89                |  32|   0|   32|          0|
    |p_ZZ3firPiiE9shift_reg_90                |  32|   0|   32|          0|
    |p_ZZ3firPiiE9shift_reg_91                |  32|   0|   32|          0|
    |p_ZZ3firPiiE9shift_reg_92                |  32|   0|   32|          0|
    |p_ZZ3firPiiE9shift_reg_93                |  32|   0|   32|          0|
    |p_ZZ3firPiiE9shift_reg_94                |  32|   0|   32|          0|
    |p_ZZ3firPiiE9shift_reg_95                |  32|   0|   32|          0|
    |p_ZZ3firPiiE9shift_reg_96                |  32|   0|   32|          0|
    |p_ZZ3firPiiE9shift_reg_97                |  32|   0|   32|          0|
    |x_read_reg_2813                          |  32|   0|   32|          0|
    |x_read_reg_2813                          |  64|  32|   32|          0|
    +-----------------------------------------+----+----+-----+-----------+
    |Total                                    |8616|  32| 8584|          0|
    +-----------------------------------------+----+----+-----+-----------+



================================================================
== Interface
================================================================
* Summary: 
+-----------+-----+-----+------------+--------------+--------------+
| RTL Ports | Dir | Bits|  Protocol  | Source Object|    C Type    |
+-----------+-----+-----+------------+--------------+--------------+
|ap_clk     |   in|    1|  ap_ctrl_hs|           fir|  return value|
|ap_rst     |   in|    1|  ap_ctrl_hs|           fir|  return value|
|ap_start   |   in|    1|  ap_ctrl_hs|           fir|  return value|
|ap_done    |  out|    1|  ap_ctrl_hs|           fir|  return value|
|ap_idle    |  out|    1|  ap_ctrl_hs|           fir|  return value|
|ap_ready   |  out|    1|  ap_ctrl_hs|           fir|  return value|
|ap_ce      |   in|    1|  ap_ctrl_hs|           fir|  return value|
|ap_return  |  out|   32|  ap_ctrl_hs|           fir|  return value|
|x          |   in|   32|     ap_none|             x|        scalar|
|c_0        |   in|   32|     ap_none|           c_0|       pointer|
|c_98       |   in|   32|     ap_none|          c_98|       pointer|
|c_97       |   in|   32|     ap_none|          c_97|       pointer|
|c_96       |   in|   32|     ap_none|          c_96|       pointer|
|c_95       |   in|   32|     ap_none|          c_95|       pointer|
|c_94       |   in|   32|     ap_none|          c_94|       pointer|
|c_93       |   in|   32|     ap_none|          c_93|       pointer|
|c_92       |   in|   32|     ap_none|          c_92|       pointer|
|c_91       |   in|   32|     ap_none|          c_91|       pointer|
|c_90       |   in|   32|     ap_none|          c_90|       pointer|
|c_89       |   in|   32|     ap_none|          c_89|       pointer|
|c_88       |   in|   32|     ap_none|          c_88|       pointer|
|c_87       |   in|   32|     ap_none|          c_87|       pointer|
|c_86       |   in|   32|     ap_none|          c_86|       pointer|
|c_85       |   in|   32|     ap_none|          c_85|       pointer|
|c_84       |   in|   32|     ap_none|          c_84|       pointer|
|c_83       |   in|   32|     ap_none|          c_83|       pointer|
|c_82       |   in|   32|     ap_none|          c_82|       pointer|
|c_81       |   in|   32|     ap_none|          c_81|       pointer|
|c_80       |   in|   32|     ap_none|          c_80|       pointer|
|c_79       |   in|   32|     ap_none|          c_79|       pointer|
|c_78       |   in|   32|     ap_none|          c_78|       pointer|
|c_77       |   in|   32|     ap_none|          c_77|       pointer|
|c_76       |   in|   32|     ap_none|          c_76|       pointer|
|c_75       |   in|   32|     ap_none|          c_75|       pointer|
|c_74       |   in|   32|     ap_none|          c_74|       pointer|
|c_73       |   in|   32|     ap_none|          c_73|       pointer|
|c_72       |   in|   32|     ap_none|          c_72|       pointer|
|c_71       |   in|   32|     ap_none|          c_71|       pointer|
|c_70       |   in|   32|     ap_none|          c_70|       pointer|
|c_69       |   in|   32|     ap_none|          c_69|       pointer|
|c_68       |   in|   32|     ap_none|          c_68|       pointer|
|c_67       |   in|   32|     ap_none|          c_67|       pointer|
|c_66       |   in|   32|     ap_none|          c_66|       pointer|
|c_65       |   in|   32|     ap_none|          c_65|       pointer|
|c_64       |   in|   32|     ap_none|          c_64|       pointer|
|c_63       |   in|   32|     ap_none|          c_63|       pointer|
|c_62       |   in|   32|     ap_none|          c_62|       pointer|
|c_61       |   in|   32|     ap_none|          c_61|       pointer|
|c_60       |   in|   32|     ap_none|          c_60|       pointer|
|c_59       |   in|   32|     ap_none|          c_59|       pointer|
|c_58       |   in|   32|     ap_none|          c_58|       pointer|
|c_57       |   in|   32|     ap_none|          c_57|       pointer|
|c_56       |   in|   32|     ap_none|          c_56|       pointer|
|c_55       |   in|   32|     ap_none|          c_55|       pointer|
|c_54       |   in|   32|     ap_none|          c_54|       pointer|
|c_53       |   in|   32|     ap_none|          c_53|       pointer|
|c_52       |   in|   32|     ap_none|          c_52|       pointer|
|c_51       |   in|   32|     ap_none|          c_51|       pointer|
|c_50       |   in|   32|     ap_none|          c_50|       pointer|
|c_49       |   in|   32|     ap_none|          c_49|       pointer|
|c_48       |   in|   32|     ap_none|          c_48|       pointer|
|c_47       |   in|   32|     ap_none|          c_47|       pointer|
|c_46       |   in|   32|     ap_none|          c_46|       pointer|
|c_45       |   in|   32|     ap_none|          c_45|       pointer|
|c_44       |   in|   32|     ap_none|          c_44|       pointer|
|c_43       |   in|   32|     ap_none|          c_43|       pointer|
|c_42       |   in|   32|     ap_none|          c_42|       pointer|
|c_41       |   in|   32|     ap_none|          c_41|       pointer|
|c_40       |   in|   32|     ap_none|          c_40|       pointer|
|c_39       |   in|   32|     ap_none|          c_39|       pointer|
|c_38       |   in|   32|     ap_none|          c_38|       pointer|
|c_37       |   in|   32|     ap_none|          c_37|       pointer|
|c_36       |   in|   32|     ap_none|          c_36|       pointer|
|c_35       |   in|   32|     ap_none|          c_35|       pointer|
|c_34       |   in|   32|     ap_none|          c_34|       pointer|
|c_33       |   in|   32|     ap_none|          c_33|       pointer|
|c_32       |   in|   32|     ap_none|          c_32|       pointer|
|c_31       |   in|   32|     ap_none|          c_31|       pointer|
|c_30       |   in|   32|     ap_none|          c_30|       pointer|
|c_29       |   in|   32|     ap_none|          c_29|       pointer|
|c_28       |   in|   32|     ap_none|          c_28|       pointer|
|c_27       |   in|   32|     ap_none|          c_27|       pointer|
|c_26       |   in|   32|     ap_none|          c_26|       pointer|
|c_25       |   in|   32|     ap_none|          c_25|       pointer|
|c_24       |   in|   32|     ap_none|          c_24|       pointer|
|c_23       |   in|   32|     ap_none|          c_23|       pointer|
|c_22       |   in|   32|     ap_none|          c_22|       pointer|
|c_21       |   in|   32|     ap_none|          c_21|       pointer|
|c_20       |   in|   32|     ap_none|          c_20|       pointer|
|c_19       |   in|   32|     ap_none|          c_19|       pointer|
|c_18       |   in|   32|     ap_none|          c_18|       pointer|
|c_17       |   in|   32|     ap_none|          c_17|       pointer|
|c_16       |   in|   32|     ap_none|          c_16|       pointer|
|c_15       |   in|   32|     ap_none|          c_15|       pointer|
|c_14       |   in|   32|     ap_none|          c_14|       pointer|
|c_13       |   in|   32|     ap_none|          c_13|       pointer|
|c_12       |   in|   32|     ap_none|          c_12|       pointer|
|c_11       |   in|   32|     ap_none|          c_11|       pointer|
|c_10       |   in|   32|     ap_none|          c_10|       pointer|
|c_9        |   in|   32|     ap_none|           c_9|       pointer|
|c_8        |   in|   32|     ap_none|           c_8|       pointer|
|c_7        |   in|   32|     ap_none|           c_7|       pointer|
|c_6        |   in|   32|     ap_none|           c_6|       pointer|
|c_5        |   in|   32|     ap_none|           c_5|       pointer|
|c_4        |   in|   32|     ap_none|           c_4|       pointer|
|c_3        |   in|   32|     ap_none|           c_3|       pointer|
|c_2        |   in|   32|     ap_none|           c_2|       pointer|
|c_1        |   in|   32|     ap_none|           c_1|       pointer|
+-----------+-----+-----+------------+--------------+--------------+

